<?xml version="1.0" encoding="UTF-8"?>
<!-- Generated by org.testng.reporters.JUnitReportReporter -->
<testsuite hostname="LAPTOP-P60UM1C4" failures="0" tests="1" name="DemoRequests.Demo" time="4.532" errors="0" timestamp="2023-01-17T15:37:18 IST" skipped="0">
  <testcase classname="DemoRequests.Demo" name="Post" time="4.532"/>
  <system-out/>
</testsuite> <!-- DemoRequests.Demo -->
