<?xml version="1.0" encoding="UTF-8"?>
<!-- Generated by org.testng.reporters.JUnitReportReporter -->
<testsuite hostname="LAPTOP-P60UM1C4" failures="0" tests="1" name="DemoRequests.ForLogin" time="3.263" errors="0" timestamp="2023-01-17T18:52:16 IST" skipped="0">
  <testcase classname="DemoRequests.ForLogin" name="loginWithValidEmailAndPassword" time="3.263"/>
  <system-out/>
</testsuite> <!-- DemoRequests.ForLogin -->
