<?xml version="1.0" encoding="UTF-8"?>
<!-- Generated by org.testng.reporters.JUnitReportReporter -->
<testsuite hostname="LAPTOP-P60UM1C4" failures="0" tests="1" name="DemoRequests.Delete_Data" time="3.054" errors="0" timestamp="2023-01-25T13:34:03 IST" skipped="0">
  <testcase classname="DemoRequests.Delete_Data" name="deleteDataForID_0" time="3.054"/>
  <system-out/>
</testsuite> <!-- DemoRequests.Delete_Data -->
