<?xml version="1.0" encoding="UTF-8"?>
<!-- Generated by org.testng.reporters.JUnitReportReporter -->
<testsuite hostname="LAPTOP-P60UM1C4" failures="0" tests="1" name="DemoRequests.Update_Data" time="2.552" errors="0" timestamp="2023-01-25T13:27:08 IST" skipped="0">
  <testcase classname="DemoRequests.Update_Data" name="updateDataForID_0" time="2.552"/>
  <system-out/>
</testsuite> <!-- DemoRequests.Update_Data -->
