<?xml version="1.0" encoding="UTF-8"?>
<!-- Generated by org.testng.reporters.JUnitReportReporter -->
<testsuite hostname="LAPTOP-P60UM1C4" failures="0" tests="2" name="DemoRequests.DelayResponse" time="7.603" errors="0" timestamp="2023-01-18T17:17:55 IST" skipped="0">
  <testcase classname="DemoRequests.DelayResponse" name="delayResponseForNegativeValue" time="3.825"/>
  <system-out/>
  <testcase classname="DemoRequests.DelayResponse" name="delayResponseForSecound" time="3.778"/>
  <system-out/>
</testsuite> <!-- DemoRequests.DelayResponse -->
