<?xml version="1.0" encoding="UTF-8"?>
<!-- Generated by org.testng.reporters.JUnitReportReporter -->
<testsuite hostname="LAPTOP-P60UM1C4" failures="0" tests="1" name="DemoRequests.Login" time="3.004" errors="0" timestamp="2023-01-18T17:37:11 IST" skipped="0">
  <testcase classname="DemoRequests.Login" name="loginWithValidEmailAndPassword" time="3.004"/>
  <system-out/>
</testsuite> <!-- DemoRequests.Login -->
