<?xml version="1.0" encoding="UTF-8"?>
<!-- Generated by org.testng.reporters.JUnitReportReporter -->
<testsuite hostname="LAPTOP-P60UM1C4" failures="0" tests="1" name="DemoRequests.Registeration" time="4.099" errors="0" timestamp="2023-01-20T10:43:55 IST" skipped="0">
  <testcase classname="DemoRequests.Registeration" name="registerWithOnlyEnteringPassword" time="4.099"/>
  <system-out/>
</testsuite> <!-- DemoRequests.Registeration -->
