<?xml version="1.0" encoding="UTF-8"?>
<!-- Generated by org.testng.reporters.JUnitReportReporter -->
<testsuite hostname="LAPTOP-P60UM1C4" failures="0" tests="1" name="DemoRequests.User_List" time="4.604" errors="0" timestamp="2023-01-20T10:11:54 IST" skipped="0">
  <testcase classname="DemoRequests.User_List" name="listOfUser_ForNegativePage" time="4.604"/>
  <system-out/>
</testsuite> <!-- DemoRequests.User_List -->
