<?xml version="1.0" encoding="UTF-8"?>
<!-- Generated by org.testng.reporters.JUnitReportReporter -->
<testsuite hostname="LAPTOP-P60UM1C4" failures="0" tests="1" name="DemoRequests.View_Single_User" time="4.432" errors="0" timestamp="2023-01-20T10:40:29 IST" skipped="0">
  <testcase classname="DemoRequests.View_Single_User" name="seeUserForIDNegative" time="4.432"/>
  <system-out/>
</testsuite> <!-- DemoRequests.View_Single_User -->
