<?xml version="1.0" encoding="UTF-8"?>
<!-- Generated by org.testng.reporters.JUnitReportReporter -->
<testsuite hostname="LAPTOP-P60UM1C4" failures="0" tests="6" name="DemoRequests.Login" time="6.601" errors="0" timestamp="2023-01-18T17:17:10 IST" skipped="0">
  <testcase classname="DemoRequests.Login" name="onlyEnteringEmail" time="0.964"/>
  <system-out/>
  <testcase classname="DemoRequests.Login" name="loginWithInvalidEmailAndValidPassword" time="2.825"/>
  <system-out/>
  <testcase classname="DemoRequests.Login" name="missingEmailAndPassword" time="0.960"/>
  <system-out/>
  <testcase classname="DemoRequests.Login" name="loginWithValidEmailAndInvalidPassword" time="0.574"/>
  <system-out/>
  <testcase classname="DemoRequests.Login" name="onlyEnteringPassword" time="0.623"/>
  <system-out/>
  <testcase classname="DemoRequests.Login" name="loginWithValidEmailAndPassword" time="0.655"/>
  <system-out/>
</testsuite> <!-- DemoRequests.Login -->
