<?xml version="1.0" encoding="UTF-8"?>
<!-- Generated by org.testng.reporters.JUnitReportReporter -->
<testsuite hostname="LAPTOP-P60UM1C4" failures="0" tests="1" name="DemoRequests.Create_User" time="5.585" errors="0" timestamp="2023-01-20T09:38:21 IST" skipped="0">
  <testcase classname="DemoRequests.Create_User" name="createDataWithJSONArray" time="5.585"/>
  <system-out/>
</testsuite> <!-- DemoRequests.Create_User -->
