<?xml version="1.0" encoding="UTF-8"?>
<!-- Generated by org.testng.reporters.JUnitReportReporter -->
<testsuite hostname="LAPTOP-P60UM1C4" failures="0" tests="1" name="DemoRequests.List_Unknown_User" time="6.118" errors="0" timestamp="2023-01-25T14:34:57 IST" skipped="0">
  <testcase classname="DemoRequests.List_Unknown_User" name="seeTheDataOfUnknownUserForID_0" time="6.118"/>
  <system-out/>
</testsuite> <!-- DemoRequests.List_Unknown_User -->
