<?xml version="1.0" encoding="UTF-8"?>
<!-- Generated by org.testng.reporters.JUnitReportReporter -->
<testsuite hostname="LAPTOP-P60UM1C4" failures="0" tests="6" name="DemoRequests.Registeration" time="7.785" errors="0" timestamp="2023-01-18T17:17:36 IST" skipped="0">
  <testcase classname="DemoRequests.Registeration" name="registerWithOnlyENteringEmail" time="0.731"/>
  <system-out/>
  <testcase classname="DemoRequests.Registeration" name="registerWithOnlyEnteringPassword" time="0.817"/>
  <system-out/>
  <testcase classname="DemoRequests.Registeration" name="registerWithValidEmailAndInvalidPassword" time="0.815"/>
  <system-out/>
  <testcase classname="DemoRequests.Registeration" name="registerWithInvalidEmailAndValidPassword" time="3.771"/>
  <system-out/>
  <testcase classname="DemoRequests.Registeration" name="registerWithNotEnteringEmailAndPassword" time="0.759"/>
  <system-out/>
  <testcase classname="DemoRequests.Registeration" name="registerWithValidEmailAndPassword" time="0.892"/>
  <system-out/>
</testsuite> <!-- DemoRequests.Registeration -->
