<?xml version="1.0" encoding="UTF-8"?>
<!-- Generated by org.testng.reporters.JUnitReportReporter -->
<testsuite hostname="LAPTOP-P60UM1C4" failures="0" tests="1" name="DemoRequests.List_Unknown_User" time="5.028" errors="0" timestamp="2023-02-07T12:37:23 IST" skipped="0">
  <testcase classname="DemoRequests.List_Unknown_User" name="listOfUnknownUserInvalidEndpoint" time="5.028"/>
  <system-out/>
</testsuite> <!-- DemoRequests.List_Unknown_User -->
